<?xml version="1.0" encoding="UTF-8"?>
<testsuite name="org.example.model.card.EmptyCardTest" tests="3" skipped="0" failures="0" errors="0" timestamp="2024-09-04T08:20:49" hostname="DESKTOP-4QPQ83C" time="0.005">
  <properties/>
  <testcase name="cardColorCompare()" classname="org.example.model.card.EmptyCardTest" time="0.001"/>
  <testcase name="setHiddnes()" classname="org.example.model.card.EmptyCardTest" time="0.001"/>
  <testcase name="emptyCardInitialization()" classname="org.example.model.card.EmptyCardTest" time="0.001"/>
  <system-out><![CDATA[]]></system-out>
  <system-err><![CDATA[]]></system-err>
</testsuite>
