<?xml version="1.0" encoding="UTF-8"?>
<testsuite name="org.example.model.DeckTest" tests="2" skipped="0" failures="0" errors="0" timestamp="2024-09-04T08:20:49" hostname="DESKTOP-4QPQ83C" time="0.028">
  <properties/>
  <testcase name="getCardFromDeckIllegalArgument()" classname="org.example.model.DeckTest" time="0.025"/>
  <testcase name="getCardFromDeck()" classname="org.example.model.DeckTest" time="0.002"/>
  <system-out><![CDATA[]]></system-out>
  <system-err><![CDATA[]]></system-err>
</testsuite>
