<?xml version="1.0" encoding="UTF-8"?>
<testsuite name="org.example.model.stack.StockStackTest" tests="9" skipped="0" failures="0" errors="0" timestamp="2024-08-30T20:26:08" hostname="DESKTOP-4QPQ83C" time="0.011">
  <properties/>
  <testcase name="addWrongCard()" classname="org.example.model.stack.StockStackTest" time="0.001"/>
  <testcase name="addCorrectCardDirectly()" classname="org.example.model.stack.StockStackTest" time="0.0"/>
  <testcase name="addWrongCardDirectly()" classname="org.example.model.stack.StockStackTest" time="0.0"/>
  <testcase name="size()" classname="org.example.model.stack.StockStackTest" time="0.0"/>
  <testcase name="addCardCorrectly()" classname="org.example.model.stack.StockStackTest" time="0.001"/>
  <testcase name="stockStackInitialization()" classname="org.example.model.stack.StockStackTest" time="0.001"/>
  <testcase name="getUpCard()" classname="org.example.model.stack.StockStackTest" time="0.001"/>
  <testcase name="removeCard()" classname="org.example.model.stack.StockStackTest" time="0.0"/>
  <testcase name="getCards()" classname="org.example.model.stack.StockStackTest" time="0.001"/>
  <system-out><![CDATA[]]></system-out>
  <system-err><![CDATA[]]></system-err>
</testsuite>
