<?xml version="1.0" encoding="UTF-8"?>
<testsuite name="org.example.model.DeckTest" tests="2" skipped="0" failures="0" errors="0" timestamp="2024-08-30T20:26:08" hostname="DESKTOP-4QPQ83C" time="0.006">
  <properties/>
  <testcase name="getCardFromDeckIllegalArgument()" classname="org.example.model.DeckTest" time="0.003"/>
  <testcase name="getCardFromDeck()" classname="org.example.model.DeckTest" time="0.001"/>
  <system-out><![CDATA[]]></system-out>
  <system-err><![CDATA[]]></system-err>
</testsuite>
