<?xml version="1.0" encoding="UTF-8"?>
<testsuite name="org.example.model.card.CardTest" tests="4" skipped="0" failures="0" errors="0" timestamp="2024-09-04T08:20:49" hostname="DESKTOP-4QPQ83C" time="0.011">
  <properties/>
  <testcase name="cardColorCompare()" classname="org.example.model.card.CardTest" time="0.004"/>
  <testcase name="isHiddnen()" classname="org.example.model.card.CardTest" time="0.001"/>
  <testcase name="illegalCardInitialization()" classname="org.example.model.card.CardTest" time="0.002"/>
  <testcase name="cardInitialization()" classname="org.example.model.card.CardTest" time="0.001"/>
  <system-out><![CDATA[]]></system-out>
  <system-err><![CDATA[]]></system-err>
</testsuite>
