<?xml version="1.0" encoding="UTF-8"?>
<testsuite name="org.example.model.panel.TablePanelTest" tests="3" skipped="0" failures="0" errors="0" timestamp="2024-09-20T16:56:03" hostname="DESKTOP-4QPQ83C" time="1.428">
  <properties/>
  <testcase name="searchStack()" classname="org.example.model.panel.TablePanelTest" time="1.386"/>
  <testcase name="getStacks()" classname="org.example.model.panel.TablePanelTest" time="0.014"/>
  <testcase name="getCards()" classname="org.example.model.panel.TablePanelTest" time="0.013"/>
  <system-out><![CDATA[]]></system-out>
  <system-err><![CDATA[]]></system-err>
</testsuite>
